<?xml version="1.0" encoding="UTF-8"?>
<!-- Generated by org.testng.reporters.JUnitReportReporter -->
<testsuite hostname="PreethiArnav" failures="0" tests="3" name="rahulshettyacademy.tests.SubmitOrderTest" time="53.526" errors="0" timestamp="2025-06-23T22:28:25 EDT" skipped="0">
  <testcase classname="rahulshettyacademy.tests.SubmitOrderTest" name="submitOrder" time="23.711"/>
  <testcase classname="rahulshettyacademy.tests.SubmitOrderTest" name="orderHistoryTest" time="7.071"/>
  <testcase classname="rahulshettyacademy.tests.SubmitOrderTest" name="submitOrder" time="22.744"/>
</testsuite> <!-- rahulshettyacademy.tests.SubmitOrderTest -->
