<?xml version="1.0" encoding="UTF-8"?>
<!-- Generated by org.testng.reporters.JUnitReportReporter -->
<testsuite hostname="PreethiArnav" failures="0" tests="2" name="rahulshettyacademy.tests.SubmitOrderTest" time="46.797" errors="0" timestamp="2025-06-28T16:50:39 EDT" skipped="0">
  <testcase classname="rahulshettyacademy.tests.SubmitOrderTest" name="submitOrder" time="22.924"/>
  <testcase classname="rahulshettyacademy.tests.SubmitOrderTest" name="submitOrder" time="23.873"/>
</testsuite> <!-- rahulshettyacademy.tests.SubmitOrderTest -->
