<?xml version="1.0" encoding="UTF-8"?>
<!-- Generated by org.testng.reporters.JUnitReportReporter -->
<testsuite hostname="PreethiArnav" failures="0" tests="2" name="rahulshettyacademy.tests.ErrorValidationsTest" time="38.137" errors="0" timestamp="2025-06-23T22:28:25 EDT" skipped="0">
  <testcase classname="rahulshettyacademy.tests.ErrorValidationsTest" name="LoginErrorValidations" time="7.938"/>
  <testcase classname="rahulshettyacademy.tests.ErrorValidationsTest" name="ProductsErrorValidations" time="30.199"/>
</testsuite> <!-- rahulshettyacademy.tests.ErrorValidationsTest -->
