<?xml version="1.0" encoding="UTF-8"?>
<!-- Generated by org.testng.reporters.JUnitReportReporter -->
<testsuite hostname="PreethiArnav" failures="0" tests="1" name="rahulshettyacademy.SeleniumFramework1.SubmitOrderTest" time="25.139" errors="0" timestamp="2025-06-18T22:59:36 EDT" skipped="0">
  <testcase classname="rahulshettyacademy.SeleniumFramework1.SubmitOrderTest" name="submitOrder" time="25.139"/>
</testsuite> <!-- rahulshettyacademy.SeleniumFramework1.SubmitOrderTest -->
