<?xml version="1.0" encoding="UTF-8"?>
<!-- Generated by org.testng.reporters.JUnitReportReporter -->
<testsuite hostname="PreethiArnav" failures="0" tests="1" name="cucumber.TestNGTestRunner" time="25.250" errors="0" timestamp="2025-06-28T16:43:49 EDT" skipped="0">
  <testcase classname="cucumber.TestNGTestRunner" name="runScenario" time="25.250"/>
</testsuite> <!-- cucumber.TestNGTestRunner -->
